Arguments: 
  C:\Program Files\nodejs\node.exe C:\Users\noman\AppData\Roaming\npm\node_modules\yarn\bin\yarn.js add --dev react-native-testing-library

PATH: 
  C:\Python38\Scripts\;C:\Python38\;C:\Python27\;C:\Python27\Scripts;C:\ProgramData\Oracle\Java\javapath;C:\Windows\system32;C:\Windows;C:\Windows\System32\Wbem;C:\Windows\System32\WindowsPowerShell\v1.0\;C:\Windows\System32\OpenSSH\;C:\Program Files (x86)\NVIDIA Corporation\PhysX\Common;C:\ProgramData\chocolatey\bin;C:\Program Files\Git\cmd;C:\xampp\php;C:\composer;C:\Program Files\nodejs\;C:\Program Files\OpenJDK\openjdk-8u262-b10\bin;C:\Users\noman\AppData\Local\Android\Sdk\platform-tools;C:\Program Files\Java\jdk-14.0.2;;C:\Program Files\NVIDIA Corporation\NVIDIA NvDLISR;C:\Users\noman\AppData\Local\Microsoft\WindowsApps;C:\Users\noman\AppData\Local\Programs\Microsoft VS Code\bin;C:\Users\noman\AppData\Roaming\Composer\vendor\bin;C:\Users\noman\AppData\Roaming\npm;C:\Users\noman\AppData\Local\Android\Sdk\platform-tools;

Yarn version: 
  1.22.4

Node version: 
  14.8.0

Platform: 
  win32 x64

Trace: 
  Error: EPERM: operation not permitted, unlink 'E:\React\Interview test\CriticalaRiver\argon-react-native-master\node_modules\@babel\helper-builder-react-jsx\lib'

npm manifest: 
  {
    "name": "argon-react-native",
    "version": "1.5.0",
    "description": "Argon React Native, based on Argon Design System. Coded by Creative Tim",
    "main": "node_modules/expo/AppEntry.js",
    "scripts": {
      "start": "expo start",
      "android": "expo start --android",
      "ios": "expo start --ios",
      "eject": "expo eject"
    },
    "repository": {
      "type": "git",
      "url": "git+https://github.com/creativetimofficial/argon-react-native.git"
    },
    "dependencies": {
      "@react-native-community/async-storage": "^1.11.0",
      "@react-native-community/masked-view": "^0.1.10",
      "@react-navigation/bottom-tabs": "^5.6.1",
      "@react-navigation/compat": "^5.0.0",
      "@react-navigation/drawer": "5.0.0",
      "@react-navigation/material-bottom-tabs": "^5.2.10",
      "@react-navigation/material-top-tabs": "^5.2.13",
      "@react-navigation/native": "^5.6.1",
      "@react-navigation/stack": "^5.6.2",
      "@use-expo/font": "^2.0.0",
      "apsl-react-native-button": "^3.1.1",
      "expo": "^37.0.0",
      "expo-asset": "~8.1.5",
      "expo-barcode-scanner": "^8.2.1",
      "expo-font": "~8.1.0",
      "galio-framework": "^0.6.3",
      "prop-types": "^15.7.2",
      "react": "16.9.0",
      "react-helmet": "^6.1.0",
      "react-native": "https://github.com/expo/react-native/archive/sdk-37.0.1.tar.gz",
      "react-native-app-intro-slider": "^4.0.4",
      "react-native-awesome-alerts": "^1.3.2",
      "react-native-barcodescanner": "^3.1.1",
      "react-native-cardview": "^2.0.5",
      "react-native-elements": "^2.0.2",
      "react-native-gesture-handler": "^1.6.1",
      "react-native-image-slider-box": "^1.0.12",
      "react-native-indicators": "^0.17.0",
      "react-native-ionicons": "^4.6.5",
      "react-native-material-ui": "^1.30.1",
      "react-native-modal-dropdown": "^0.7.0",
      "react-native-paper": "^3.10.1",
      "react-native-really-awesome-button": "^1.6.0",
      "react-native-reanimated": "^1.9.0",
      "react-native-safe-area-context": "^0.7.3",
      "react-native-screens": "^2.9.0",
      "react-native-star-rating": "^1.1.0",
      "react-native-svg": "^12.1.0",
      "react-native-tab-view": "^2.14.4",
      "react-native-unimodules": "^0.10.1",
      "react-native-vector-icons": "^6.7.0",
      "react-native-webview": "^10.3.2",
      "react-navigation": "^4.3.9",
      "react-navigation-material-bottom-tabs": "^2.3.0",
      "react-navigation-stack": "^2.7.0"
    },
    "devDependencies": {
      "babel-preset-expo": "^8.2.1"
    },
    
      "scripts": {
        "test": "jest"
      },
      "jest": {
        "preset": "react-native"
      },
    "keywords": [
      "argon react native",
      "argon design system",
      "argon app react native",
      "argon iOS",
      "react native iOS",
      "creative tim",
      "argon Android",
      "react native ui kit",
      "react native expo",
      "freebie",
      "react native argon design",
      "react native galio",
      "galio argon free",
      "galio react native free app",
      "argon expo react native",
      "react native ui template"
    ],
    "author": "Creative Tim <hello@creative-tim.com> (https://www.creative-tim.com/)",
    "license": "MIT",
    "bugs": {
      "url": "https://github.com/creativetimofficial/argon-react-native/issues"
    },
    "homepage": "https://demos.creative-tim.com/argon-react-native"
  }

yarn manifest: 
  No manifest

Lockfile: 
  No lockfile
